<?xml version="1.0" encoding="UTF-8"?>
<Site BuildName="(empty)"
	BuildStamp="20250528-0758-Experimental"
	Name="ROBOT"
	Generator="ctest-3.22.1"
	CompilerName="/usr/bin/g++"
	CompilerVersion="11.4.0"
	OSName="Linux"
	Hostname="ROBOT"
	OSRelease="6.8.0-59-generic"
	OSVersion="#61~22.04.1-Ubuntu SMP PREEMPT_DYNAMIC Tue Apr 15 17:03:15 UTC 2"
	OSPlatform="x86_64"
	Is64Bits="1"
	VendorString="GenuineIntel"
	VendorID="Intel Corporation"
	FamilyID="6"
	ModelID="158"
	ProcessorCacheSize="12288"
	NumberOfLogicalCPU="12"
	NumberOfPhysicalCPU="6"
	TotalVirtualMemory="16383"
	TotalPhysicalMemory="7594"
	LogicalProcessorsPerPhysical="2"
	ProcessorClockFrequency="4001.42"
	>
	<Testing>
		<StartDateTime>May 28 16:01 CST</StartDateTime>
		<StartTestTime>1748419303</StartTestTime>
		<TestList/>
		<EndDateTime>May 28 16:01 CST</EndDateTime>
		<EndTestTime>1748419303</EndTestTime>
		<ElapsedMinutes>0</ElapsedMinutes>
	</Testing>
</Site>
